==2918== Memcheck, a memory error detector
==2918== Copyright (C) 2002-2017, and GNU GPL'd, by Julian Seward et al.
==2918== Using Valgrind-3.15.0 and LibVEX; rerun with -h for copyright info
==2918== Command: ./hsh
==2918== Parent PID: 2797
==2918== 
==2918== 
==2918== HEAP SUMMARY:
==2918==     in use at exit: 128 bytes in 2 blocks
==2918==   total heap usage: 4 allocs, 2 frees, 2,176 bytes allocated
==2918== 
==2918== LEAK SUMMARY:
==2918==    definitely lost: 0 bytes in 0 blocks
==2918==    indirectly lost: 0 bytes in 0 blocks
==2918==      possibly lost: 0 bytes in 0 blocks
==2918==    still reachable: 128 bytes in 2 blocks
==2918==         suppressed: 0 bytes in 0 blocks
==2918== Reachable blocks (those to which a pointer was found) are not shown.
==2918== To see them, rerun with: --leak-check=full --show-leak-kinds=all
==2918== 
==2918== For lists of detected and suppressed errors, rerun with: -s
==2918== ERROR SUMMARY: 0 errors from 0 contexts (suppressed: 0 from 0)
